<?xml version="1.0" encoding="UTF-8"?>
<testng-results skipped="0" failed="0" ignored="0" total="4" passed="4">
  <reporter-output>
  </reporter-output>
  <suite name="Default suite" duration-ms="113181" started-at="2022-03-25T13:14:39 IST" finished-at="2022-03-25T13:16:33 IST">
    <groups>
      <group name="cucumber">
        <method signature="AbstractTestNGCucumberTests.runScenario(io.cucumber.testng.PickleWrapper,io.cucumber.testng.FeatureWrapper)[pri:0, instance:runners.Runner_test@6d3af739]" name="runScenario" class="io.cucumber.testng.AbstractTestNGCucumberTests"/>
      </group> <!-- cucumber -->
    </groups>
    <test name="Default test" duration-ms="113181" started-at="2022-03-25T13:14:39 IST" finished-at="2022-03-25T13:16:33 IST">
      <class name="runners.Runner_test">
        <test-method status="PASS" signature="setUpClass(org.testng.ITestContext)[pri:0, instance:runners.Runner_test@6d3af739]" name="setUpClass" is-config="true" duration-ms="2779" started-at="2022-03-25T13:14:39 IST" finished-at="2022-03-25T13:14:42 IST">
          <params>
            <param index="0">
              <value>
                <![CDATA[org.testng.TestRunner@7945b206]]>
              </value>
            </param>
          </params>
          <reporter-output>
          </reporter-output>
        </test-method> <!-- setUpClass -->
        <test-method status="PASS" signature="runScenario(io.cucumber.testng.PickleWrapper,io.cucumber.testng.FeatureWrapper)[pri:0, instance:runners.Runner_test@6d3af739]" name="runScenario" duration-ms="53660" started-at="2022-03-25T13:14:42 IST" description="Runs Cucumber Scenarios" data-provider="scenarios" finished-at="2022-03-25T13:15:36 IST">
          <params>
            <param index="0">
              <value>
                <![CDATA["Validate Google Seach"]]>
              </value>
            </param>
            <param index="1">
              <value>
                <![CDATA["Optional[Google search validate]"]]>
              </value>
            </param>
          </params>
          <reporter-output>
          </reporter-output>
        </test-method> <!-- runScenario -->
        <test-method status="PASS" signature="runScenario(io.cucumber.testng.PickleWrapper,io.cucumber.testng.FeatureWrapper)[pri:0, instance:runners.Runner_test@6d3af739]" name="runScenario" duration-ms="20205" started-at="2022-03-25T13:15:36 IST" description="Runs Cucumber Scenarios" data-provider="scenarios" finished-at="2022-03-25T13:15:56 IST">
          <params>
            <param index="0">
              <value>
                <![CDATA["Validate Google Seach with multiple data"]]>
              </value>
            </param>
            <param index="1">
              <value>
                <![CDATA["Optional[Google search validate]"]]>
              </value>
            </param>
          </params>
          <reporter-output>
          </reporter-output>
        </test-method> <!-- runScenario -->
        <test-method status="PASS" signature="runScenario(io.cucumber.testng.PickleWrapper,io.cucumber.testng.FeatureWrapper)[pri:0, instance:runners.Runner_test@6d3af739]" name="runScenario" duration-ms="14844" started-at="2022-03-25T13:15:56 IST" description="Runs Cucumber Scenarios" data-provider="scenarios" finished-at="2022-03-25T13:16:11 IST">
          <params>
            <param index="0">
              <value>
                <![CDATA["Validate Google Seach with multiple data"]]>
              </value>
            </param>
            <param index="1">
              <value>
                <![CDATA["Optional[Google search validate]"]]>
              </value>
            </param>
          </params>
          <reporter-output>
          </reporter-output>
        </test-method> <!-- runScenario -->
        <test-method status="PASS" signature="runScenario(io.cucumber.testng.PickleWrapper,io.cucumber.testng.FeatureWrapper)[pri:0, instance:runners.Runner_test@6d3af739]" name="runScenario" duration-ms="20229" started-at="2022-03-25T13:16:11 IST" description="Runs Cucumber Scenarios" data-provider="scenarios" finished-at="2022-03-25T13:16:31 IST">
          <params>
            <param index="0">
              <value>
                <![CDATA["Validate Google Seach Fail"]]>
              </value>
            </param>
            <param index="1">
              <value>
                <![CDATA["Optional[Google search validate]"]]>
              </value>
            </param>
          </params>
          <reporter-output>
          </reporter-output>
        </test-method> <!-- runScenario -->
        <test-method status="PASS" signature="tearDownClass()[pri:0, instance:runners.Runner_test@6d3af739]" name="tearDownClass" is-config="true" duration-ms="1281" started-at="2022-03-25T13:16:31 IST" finished-at="2022-03-25T13:16:33 IST">
          <reporter-output>
          </reporter-output>
        </test-method> <!-- tearDownClass -->
      </class> <!-- runners.Runner_test -->
    </test> <!-- Default test -->
  </suite> <!-- Default suite -->
</testng-results>
